1690700534464	geckodriver	INFO	Listening on 127.0.0.1:48495
1690700534976	mozrunner::runner	INFO	Running command: MOZ_CRASHREPORTER="1" MOZ_CRASHREPORTER_NO_REPORT="1" MOZ_CRASHREPORTER_SHUTDOWN="1" MOZ_NO_REMOTE="1" "/usr ... te" "--remote-debugging-port" "34929" "--remote-allow-hosts" "localhost" "-no-remote" "-profile" "/tmp/rust_mozprofileDmOboW"
console.warn: services.settings: Ignoring preference override of remote settings server
console.warn: services.settings: Allow by setting MOZ_REMOTE_SETTINGS_DEVTOOLS=1 in the environment
ATTENTION: default value of option mesa_glthread overridden by environment.
ATTENTION: default value of option mesa_glthread overridden by environment.
ATTENTION: default value of option mesa_glthread overridden by environment.
1690700535472	Marionette	INFO	Marionette enabled
1690700535538	Marionette	INFO	Listening on port 35043
WebDriver BiDi listening on ws://127.0.0.1:34929
Read port: 35043
1690700535661	RemoteAgent	WARN	TLS certificate errors will be ignored for this session
console.error: ({})
DevTools listening on ws://127.0.0.1:34929/devtools/browser/ba14d1d0-6d0f-4c0f-a747-7b3829a1f713
Exiting due to channel error.
Exiting due to channel error.
Exiting due to channel error.
Exiting due to channel error.
Exiting due to channel error.
Exiting due to channel error.
1690700607491	geckodriver	INFO	Listening on 127.0.0.1:57257
1690700607999	mozrunner::runner	INFO	Running command: MOZ_CRASHREPORTER="1" MOZ_CRASHREPORTER_NO_REPORT="1" MOZ_CRASHREPORTER_SHUTDOWN="1" MOZ_NO_REMOTE="1" "/usr ... te" "--remote-debugging-port" "58529" "--remote-allow-hosts" "localhost" "-no-remote" "-profile" "/tmp/rust_mozprofile6oxKyB"
console.warn: services.settings: Ignoring preference override of remote settings server
console.warn: services.settings: Allow by setting MOZ_REMOTE_SETTINGS_DEVTOOLS=1 in the environment
ATTENTION: default value of option mesa_glthread overridden by environment.
ATTENTION: default value of option mesa_glthread overridden by environment.
ATTENTION: default value of option mesa_glthread overridden by environment.
1690700608491	Marionette	INFO	Marionette enabled
1690700608572	Marionette	INFO	Listening on port 44893
WebDriver BiDi listening on ws://127.0.0.1:58529
Read port: 44893
1690700608683	RemoteAgent	WARN	TLS certificate errors will be ignored for this session
console.error: ({})
DevTools listening on ws://127.0.0.1:58529/devtools/browser/18193c9b-f681-44cc-8c18-4c43145e3f79
JavaScript error: https://pagead2.googlesyndication.com/pagead/js/adsbygoogle.js?client=ca-pub-1579905248177546, line 86: TagError: adsbygoogle.push() error: No slot size for availableWidth=0
JavaScript warning: https://pagead2.googlesyndication.com/bg/g3YyfgUK0ye4_zZ0TZo1Byqq3c9tr_Gw3_pcFoz461A.js line 2 > eval line 6193 > eval line 1 > eval line 1 > eval, line 1: WEBGL_debug_renderer_info is deprecated in Firefox and will be removed. Please use RENDERER.
JavaScript warning: https://pagead2.googlesyndication.com/bg/g3YyfgUK0ye4_zZ0TZo1Byqq3c9tr_Gw3_pcFoz461A.js line 2 > eval line 809 > eval line 1 > eval line 1 > eval, line 1: WEBGL_debug_renderer_info is deprecated in Firefox and will be removed. Please use RENDERER.
JavaScript warning: https://pagead2.googlesyndication.com/bg/g3YyfgUK0ye4_zZ0TZo1Byqq3c9tr_Gw3_pcFoz461A.js line 2 > eval line 5566 > eval line 1 > eval line 1 > eval, line 1: WEBGL_debug_renderer_info is deprecated in Firefox and will be removed. Please use RENDERER.
1690700912822	Marionette	INFO	Stopped listening on port 44893
